[debug] [2021-11-08T14:20:31.175Z] ----------------------------------------------------------------------
[debug] [2021-11-08T14:20:31.199Z] Command:       C:\Program Files\nodejs\node.exe C:\Users\speed\AppData\Roaming\npm\node_modules\firebase-tools\lib\bin\firebase.js init
[debug] [2021-11-08T14:20:31.202Z] CLI Version:   9.18.0
[debug] [2021-11-08T14:20:31.203Z] Platform:      win32
[debug] [2021-11-08T14:20:31.203Z] Node Version:  v14.16.0
[debug] [2021-11-08T14:20:31.410Z] Time:          Mon Nov 08 2021 19:50:31 GMT+0530 (India Standard Time)
[debug] [2021-11-08T14:20:31.411Z] ----------------------------------------------------------------------
[debug] 
[debug] [2021-11-08T14:20:31.793Z] > command requires scopes: ["email","openid","https://www.googleapis.com/auth/cloudplatformprojects.readonly","https://www.googleapis.com/auth/firebase","https://www.googleapis.com/auth/cloud-platform"]
[debug] [2021-11-08T14:20:31.794Z] > authorizing via signed-in user (sharanubelaki123@gmail.com)
[info] 
     ######## #### ########  ######## ########     ###     ######  ########
     ##        ##  ##     ## ##       ##     ##  ##   ##  ##       ##
     ######    ##  ########  ######   ########  #########  ######  ######
     ##        ##  ##    ##  ##       ##     ## ##     ##       ## ##
     ##       #### ##     ## ######## ########  ##     ##  ######  ########

You're about to initialize a Firebase project in this directory:

  C:\Users\speed\portfolio

Before we get started, keep in mind:

  * You are initializing within an existing Firebase project directory

